1. Station: paris
2. Station: rome
3. Station: astana
4. Station: minsk
5. Station: astana
6. Station: paris
7. Station: station1
8. Station: station2
9. Station: station1
10. Station: station2
11. Station: station1
12. Station: station2
13. Station: station3
14. Station: station1
15. Station: station2
16. Station: station3
17. Station: station1
18. Station: station2
19. Station: almaty
20. Station: astana
21. Station: almaty
22. Station: astana
23. Station: almaty
24. Station: astana
25. Station: almaty
26. Station: astana
27. Station: almaty
28. Station: astana
29. Station: almaty
30. Station: astana
31. Station: almaty
32. Station: astana
33. Station: station1
34. Station: station2
35. Station: station1
36. Station: station2
37. Station: station1
38. Station: station2
39. Station: station1
40. Station: station2
41. Station: station1
42. Station: station2
43. Station: station1
44. Station: station2
45. Station: station1
46. Station: station2
47. Station: station1
48. Station: station2
49. Station: station1
50. Station: station2
51. Station: station1
52. Station: station2
53. Station: station1
54. Station: station2
55. Station: station1
56. Station: station2
57. Station: station1
58. Station: station2
59. Station: station1
60. Station: station2
61. Station: station1
62. Station: station2
63. Station: station1
64. Station: station2
65. Station: aktobe
66. Station: uralsk
